<?xml version="1.0" encoding="UTF-8"?>
<objects xmlns="http://www.springactionscript.org/schema/objects"
	xmlns:util="http://www.springactionscript.org/schema/util"
    xmlns:xsi="http://www.w3.org/2001/XMLSchema-instance"
    xsi:schemaLocation="
    http://www.springactionscript.org/schema/objects http://www.springactionscript.org/schema/objects/spring-actionscript-objects-1.0.xsd
    http://www.springactionscript.org/schema/util http://www.springactionscript.org/schema/util/spring-actionscript-util-1.0.xsd">

    <!-- LOGGING -->

    <object id="sosTarget" template="loggingTemplate">
		<param name="loggingTargetClass" type="Class"
			value="org.springextensions.actionscript.logging.SOSTarget" />
		<param name="level" value="6"/>
	</object>

</objects>
